[35m[Appium][39m Welcome to Appium v1.22.3
[35m[Appium][39m Non-default server args:
[35m[Appium][39m   port: 61788
[35m[Appium][39m   loglevel: info
[35m[Appium][39m   tmpDir: C:\Users\kemdan\AppData\Local\Temp\\Katalon\Appium\Temp1663567069808
[35m[Appium][39m   chromedriverPort: 61789
[35m[Appium][39m Deprecated server args:
[35m[Appium][39m   [31m--chromedriver-port[39m => --default-capabilities
[35m[Appium][39m Default capabilities, which will be added to each request unless overridden by desired capabilities:
[35m[Appium][39m   chromedriverPort: 61789
[35m[Appium][39m Appium REST http interface listener started on 0.0.0.0:61788
[35m[HTTP][39m [37m-->[39m [37mGET[39m [37m/wd/hub/status[39m
[35m[HTTP][39m [90m{}[39m
[35m[HTTP][39m [37m<-- GET /wd/hub/status [39m[32m200[39m [90m3 ms - 68[39m
[35m[HTTP][39m [90m[39m
[35m[HTTP][39m [37m-->[39m [37mGET[39m [37m/wd/hub/status[39m
[35m[HTTP][39m [90m{}[39m
[35m[HTTP][39m [37m<-- GET /wd/hub/status [39m[32m200[39m [90m1 ms - 68[39m
[35m[HTTP][39m [90m[39m
[35m[HTTP][39m [37m-->[39m [37mPOST[39m [37m/wd/hub/session[39m
[35m[HTTP][39m [90m{"desiredCapabilities":{"appActivity":".Settings","appPackage":"com.android.settings","newCommandTimeout":1800,"platformVersion":"10","automationName":"uiautomator2","autoGrantPermissions":true,"platformName":"Android","udid":"SDEDU20806004733","deviceName":"HUAWEI YAL-L21 (Android 10)","platform":"ANDROID","systemPort":8228},"capabilities":{"firstMatch":[{"appium:appActivity":".Settings","appium:appPackage":"com.android.settings","appium:autoGrantPermissions":true,"appium:automationName":"uiautomator2","appium:deviceName":"HUAWEI YAL-L21 (Android 10)","appium:newCommandTimeout":1800,"platform":"ANDROID","platformName":"android","appium:platformVersion":"10","appium:systemPort":8228,"appium:udid":"SDEDU20806004733"}]}}[39m
[35m[BaseDriver][39m The following capabilities are not standard capabilities and should have an extension prefix:
[35m[BaseDriver][39m   platform
[35m[BaseDriver][39m   chromedriverPort
[35m[Appium][39m Appium v1.22.3 creating new AndroidUiautomator2Driver (v1.70.1) session
[35m[BaseDriver][39m The following capabilities were provided, but are not recognized by Appium:
[35m[BaseDriver][39m   platform
[35m[BaseDriver][39m Session created with session id: 8de5b2ef-daa6-474c-93f5-ac7b0d4716b5
[35m[UiAutomator2][39m Starting 'com.android.settings' directly on the device
[35m[ADB][39m Found 1 'build-tools' folders under 'C:\Users\kemdan\AppData\Local\Android\Sdk' (newest first):
[35m[ADB][39m     C:/Users/kemdan/AppData/Local/Android/Sdk/build-tools/33.0.0
[35m[ADB][39m Using 'adb.exe' from 'C:\Users\kemdan\AppData\Local\Android\Sdk\platform-tools\adb.exe'
[35m[AndroidDriver][39m Retrieving device list
[35m[AndroidDriver][39m Using device: SDEDU20806004733
[35m[ADB][39m Using 'adb.exe' from 'C:\Users\kemdan\AppData\Local\Android\Sdk\platform-tools\adb.exe'
[35m[ADB][39m Getting device platform version
[35m[UiAutomator2][39m Relaxing hidden api policy
[35m[AndroidDriver][39m No app sent in, not parsing package/activity
[35m[ADB][39m Using 'apksigner.jar' from 'C:\Users\kemdan\AppData\Local\Android\Sdk\build-tools\33.0.0\lib\apksigner.jar'
[35m[ADB][39m 'C:\Users\kemdan\AppData\Roaming\npm\node_modules\appium\node_modules\appium-uiautomator2-server\apks\appium-uiautomator2-server-v4.27.0.apk' is signed with the default certificate
[35m[ADB][39m 'C:\Users\kemdan\AppData\Roaming\npm\node_modules\appium\node_modules\appium-uiautomator2-server\apks\appium-uiautomator2-server-debug-androidTest.apk' is signed with the default certificate
[35m[UiAutomator2][39m Server packages are not going to be (re)installed
[35m[ADB][39m Adding packages ["io.appium.settings","io.appium.uiautomator2.server","io.appium.uiautomator2.server.test"] to Doze whitelist
[35m[UiAutomator2][39m Starting UIAutomator2 server 4.27.0
[35m[UiAutomator2][39m Using UIAutomator2 server from 'C:\Users\kemdan\AppData\Roaming\npm\node_modules\appium\node_modules\appium-uiautomator2-server\apks\appium-uiautomator2-server-v4.27.0.apk' and test from 'C:\Users\kemdan\AppData\Roaming\npm\node_modules\appium\node_modules\appium-uiautomator2-server\apks\appium-uiautomator2-server-debug-androidTest.apk'
[35m[UiAutomator2][39m Waiting up to 30000ms for UiAutomator2 to be online...
[35m[WD Proxy][39m socket hang up
[35m[WD Proxy][39m socket hang up
[35m[WD Proxy][39m Determined the downstream protocol as 'W3C'
[35m[AndroidDriver][39m Screen already unlocked, doing nothing
[35m[UiAutomator2][39m Starting 'com.android.settings/.Settings and waiting for 'com.android.settings/.Settings'
[35m[Appium][39m New AndroidUiautomator2Driver session created successfully, session 8de5b2ef-daa6-474c-93f5-ac7b0d4716b5 added to master session list
[35m[HTTP][39m [37m<-- POST /wd/hub/session [39m[32m200[39m [90m14303 ms - 1172[39m
[35m[HTTP][39m [90m[39m
[35m[HTTP][39m [37m-->[39m [37mGET[39m [37m/wd/hub/session/8de5b2ef-daa6-474c-93f5-ac7b0d4716b5[39m
[35m[HTTP][39m [90m{}[39m
[35m[HTTP][39m [37m<-- GET /wd/hub/session/8de5b2ef-daa6-474c-93f5-ac7b0d4716b5 [39m[32m200[39m [90m10 ms - 1126[39m
[35m[HTTP][39m [90m[39m
[35m[HTTP][39m [37m-->[39m [37mGET[39m [37m/wd/hub/session/8de5b2ef-daa6-474c-93f5-ac7b0d4716b5[39m
[35m[HTTP][39m [90m{}[39m
[35m[HTTP][39m [37m<-- GET /wd/hub/session/8de5b2ef-daa6-474c-93f5-ac7b0d4716b5 [39m[32m200[39m [90m9 ms - 1126[39m
[35m[HTTP][39m [90m[39m
[35m[HTTP][39m [37m-->[39m [37mGET[39m [37m/wd/hub/status[39m
[35m[HTTP][39m [90m{}[39m
[35m[HTTP][39m [37m<-- GET /wd/hub/status [39m[32m200[39m [90m1 ms - 68[39m
[35m[HTTP][39m [90m[39m
[35m[HTTP][39m [37m-->[39m [37mPOST[39m [37m/wd/hub/session/8de5b2ef-daa6-474c-93f5-ac7b0d4716b5/timeouts[39m
[35m[HTTP][39m [90m{"implicit":60000}[39m
[35m[HTTP][39m [37m<-- POST /wd/hub/session/8de5b2ef-daa6-474c-93f5-ac7b0d4716b5/timeouts [39m[32m200[39m [90m2 ms - 14[39m
[35m[HTTP][39m [90m[39m
[35m[HTTP][39m [37m-->[39m [37mGET[39m [37m/wd/hub/session/8de5b2ef-daa6-474c-93f5-ac7b0d4716b5/screenshot[39m
[35m[HTTP][39m [90m{}[39m
[35m[HTTP][39m [37m<-- GET /wd/hub/session/8de5b2ef-daa6-474c-93f5-ac7b0d4716b5/screenshot [39m[32m200[39m [90m2009 ms - 5413644[39m
[35m[HTTP][39m [90m[39m
[35m[HTTP][39m [37m-->[39m [37mGET[39m [37m/wd/hub/session/8de5b2ef-daa6-474c-93f5-ac7b0d4716b5/window/rect[39m
[35m[HTTP][39m [90m{}[39m
[35m[HTTP][39m [37m<-- GET /wd/hub/session/8de5b2ef-daa6-474c-93f5-ac7b0d4716b5/window/rect [39m[32m200[39m [90m18 ms - 50[39m
[35m[HTTP][39m [90m[39m
[35m[HTTP][39m [37m-->[39m [37mGET[39m [37m/wd/hub/session/8de5b2ef-daa6-474c-93f5-ac7b0d4716b5/appium/device/system_bars[39m
[35m[HTTP][39m [90m{}[39m
[35m[HTTP][39m [37m<-- GET /wd/hub/session/8de5b2ef-daa6-474c-93f5-ac7b0d4716b5/appium/device/system_bars [39m[32m200[39m [90m74 ms - 149[39m
[35m[HTTP][39m [90m[39m
[35m[HTTP][39m [37m-->[39m [37mPOST[39m [37m/wd/hub/session/8de5b2ef-daa6-474c-93f5-ac7b0d4716b5/appium/device/activate_app[39m
[35m[HTTP][39m [90m{"bundleId":"com.samsung.ecomm"}[39m
[35m[HTTP][39m [37m<-- POST /wd/hub/session/8de5b2ef-daa6-474c-93f5-ac7b0d4716b5/appium/device/activate_app [39m[32m200[39m [90m379 ms - 14[39m
[35m[HTTP][39m [90m[39m
[35m[HTTP][39m [37m-->[39m [37mGET[39m [37m/wd/hub/session/8de5b2ef-daa6-474c-93f5-ac7b0d4716b5/source[39m
[35m[HTTP][39m [90m{}[39m
[35m[W3C (8de5b2ef)][39m Driver proxy active, passing request on via HTTP proxy
[35m[WD Proxy][39m Replacing sessionId dd5321bb-db47-4509-af9e-9d479cfc169e with 8de5b2ef-daa6-474c-93f5-ac7b0d4716b5
[35m[HTTP][39m [37m<-- GET /wd/hub/session/8de5b2ef-daa6-474c-93f5-ac7b0d4716b5/source [39m[32m200[39m [90m54 ms - 4347[39m
[35m[HTTP][39m [90m[39m
[35m[HTTP][39m [37m-->[39m [37mGET[39m [37m/wd/hub/session/8de5b2ef-daa6-474c-93f5-ac7b0d4716b5/screenshot[39m
[35m[HTTP][39m [90m{}[39m
[35m[HTTP][39m [37m<-- GET /wd/hub/session/8de5b2ef-daa6-474c-93f5-ac7b0d4716b5/screenshot [39m[32m200[39m [90m582 ms - 1438718[39m
[35m[HTTP][39m [90m[39m
[35m[HTTP][39m [37m-->[39m [37mGET[39m [37m/wd/hub/session/8de5b2ef-daa6-474c-93f5-ac7b0d4716b5/source[39m
[35m[HTTP][39m [90m{}[39m
[35m[W3C (8de5b2ef)][39m Driver proxy active, passing request on via HTTP proxy
[35m[WD Proxy][39m Replacing sessionId dd5321bb-db47-4509-af9e-9d479cfc169e with 8de5b2ef-daa6-474c-93f5-ac7b0d4716b5
[35m[HTTP][39m [37m<-- GET /wd/hub/session/8de5b2ef-daa6-474c-93f5-ac7b0d4716b5/source [39m[32m200[39m [90m339 ms - 40034[39m
[35m[HTTP][39m [90m[39m
[35m[HTTP][39m [37m-->[39m [37mGET[39m [37m/wd/hub/session/8de5b2ef-daa6-474c-93f5-ac7b0d4716b5/screenshot[39m
[35m[HTTP][39m [90m{}[39m
[35m[HTTP][39m [37m<-- GET /wd/hub/session/8de5b2ef-daa6-474c-93f5-ac7b0d4716b5/screenshot [39m[32m200[39m [90m465 ms - 551062[39m
[35m[HTTP][39m [90m[39m
[35m[HTTP][39m [37m-->[39m [37mPOST[39m [37m/wd/hub/session/8de5b2ef-daa6-474c-93f5-ac7b0d4716b5/elements[39m
[35m[HTTP][39m [90m{"using":"xpath","value":"//*[@class = 'android.widget.RelativeLayout' and @resource-id = 'com.samsung.ecomm:id/product_item_list_top_level' and (@text = '' or . = '')]"}[39m
[35m[HTTP][39m [37m<-- POST /wd/hub/session/8de5b2ef-daa6-474c-93f5-ac7b0d4716b5/elements [39m[32m200[39m [90m469 ms - 267[39m
[35m[HTTP][39m [90m[39m
[35m[HTTP][39m [37m-->[39m [37mPOST[39m [37m/wd/hub/session/8de5b2ef-daa6-474c-93f5-ac7b0d4716b5/elements[39m
[35m[HTTP][39m [90m{"using":"accessibility id","value":"Galaxy Z Fold4ratings4.5Price$599.99SAVE $1,200.00  on original price$1,799.99OrSamsung Financing at $25.01 per month for 24 months at 0% APREligible for samsung financingFree ShippingSamsung Rewards"}[39m
[35m[HTTP][39m [37m<-- POST /wd/hub/session/8de5b2ef-daa6-474c-93f5-ac7b0d4716b5/elements [39m[32m200[39m [90m80 ms - 139[39m
[35m[HTTP][39m [90m[39m
[35m[HTTP][39m [37m-->[39m [37mDELETE[39m [37m/wd/hub/session/8de5b2ef-daa6-474c-93f5-ac7b0d4716b5[39m
[35m[HTTP][39m [90m{}[39m
[35m[Appium][39m Removing session 8de5b2ef-daa6-474c-93f5-ac7b0d4716b5 from our master session list
[35m[UiAutomator2][39m Restoring hidden api policy to the device default configuration
[35m[HTTP][39m [37m<-- DELETE /wd/hub/session/8de5b2ef-daa6-474c-93f5-ac7b0d4716b5 [39m[32m200[39m [90m227 ms - 14[39m
[35m[HTTP][39m [90m[39m
